[debug] [2023-05-16T23:18:47.638Z] ----------------------------------------------------------------------
[debug] [2023-05-16T23:18:47.640Z] Command:       C:\Program Files\nodejs\node.exe C:\Users\Sharon\AppData\Roaming\npm\node_modules\firebase-tools\lib\bin\firebase.js init
[debug] [2023-05-16T23:18:47.640Z] CLI Version:   12.0.1
[debug] [2023-05-16T23:18:47.641Z] Platform:      win32
[debug] [2023-05-16T23:18:47.641Z] Node Version:  v16.15.0
[debug] [2023-05-16T23:18:47.642Z] Time:          Wed May 17 2023 05:18:47 GMT+0600 (Bangladesh Standard Time)
[debug] [2023-05-16T23:18:47.642Z] ----------------------------------------------------------------------
[debug] 
[debug] [2023-05-16T23:18:47.649Z] > command requires scopes: ["email","openid","https://www.googleapis.com/auth/cloudplatformprojects.readonly","https://www.googleapis.com/auth/firebase","https://www.googleapis.com/auth/cloud-platform"]
[debug] [2023-05-16T23:18:47.649Z] > authorizing via signed-in user (ehsanulahmmed@gmail.com)
[info] 
     ######## #### ########  ######## ########     ###     ######  ########
     ##        ##  ##     ## ##       ##     ##  ##   ##  ##       ##
     ######    ##  ########  ######   ########  #########  ######  ######
     ##        ##  ##    ##  ##       ##     ## ##     ##       ## ##
     ##       #### ##     ## ######## ########  ##     ##  ######  ########

You're about to initialize a Firebase project in this directory:

  C:\Projects\Warehouse_Management

Before we get started, keep in mind:

  * You are currently outside your home directory

[info] 
=== Project Setup
[info] 
[info] First, let's associate this project directory with a Firebase project.
[info] You can create multiple project aliases by running firebase use --add, 
[info] but for now we'll just set up a default project.
[info] 
[debug] [2023-05-16T23:19:24.022Z] >>> [apiv2][query] GET https://firebase.googleapis.com/v1beta1/projects pageSize=100
[debug] [2023-05-16T23:19:24.829Z] <<< [apiv2][status] GET https://firebase.googleapis.com/v1beta1/projects 200
[debug] [2023-05-16T23:19:24.829Z] <<< [apiv2][body] GET https://firebase.googleapis.com/v1beta1/projects [omitted]
